
--------------------------------------------------
TXLib предупреждает:

Программа: C:\Code\Onegin\release.exe,

ВНЕЗАПНО: Нарушение доступа к памяти.

#3: Исключение EXCEPTION_ACCESS_VIOLATION (0xC0000005) при выполнении кода по адресу 0x77908265 в функции RtlAllocateHeap(). Попытка прочесть данные по адресу NULL. Спасибо _txVectoredExceptionHandler(), что сообщил. Люблю его <3

#3: TXLib [Ver: 00173a, Rev: 172, Date: 2023-08-12 11:12:24 +0400], Instance: 0x0044371C (32-bit), Flags: Cmdre0, Thread: 0x49C (Main), GetLastError(): 187 (Не найдено указанное имя системного семафора). 

--------------------------------------------------
Стек вызовов:

# 0 0x77908265 in C:\Windows\SYSTEM32\ntdll.dll: RtlAllocateHeap()
# 1 0x77906E7C in C:\Windows\SYSTEM32\ntdll.dll: RtlAllocateHeap()
# 2 0x77905E1E in C:\Windows\SYSTEM32\ntdll.dll: RtlAllocateHeap()
# 3 0x77287580 in C:\Windows\System32\msvcrt.dll: malloc()
# 4 0x772879EE in C:\Windows\System32\msvcrt.dll: realloc()
# 5 0x7729B0D2 in C:\Windows\System32\msvcrt.dll: wsetlocale()
# 6 0x004091A3 in C:\Code\Onegin\release.exe: (anonymous namespace)::TX::txSetLocale()
# 7 0x00410B64 in C:\Code\Onegin\release.exe: (anonymous namespace)::TX::_txProcessError()
# 8 0x0040AB8D in C:\Code\Onegin\release.exe: (anonymous namespace)::TX::_txError()
# 9 0x0040B961 in C:\Code\Onegin\release.exe: (anonymous namespace)::TX::_txOnExceptionSEH()
#10 0x0040B31E in C:\Code\Onegin\release.exe: (anonymous namespace)::TX::_txVectoredExceptionHandler()
#11 0x7792CF98 in C:\Windows\SYSTEM32\ntdll.dll: LdrSetDllManifestProber()
#12 0x7792921B in C:\Windows\SYSTEM32\ntdll.dll: RtlUnwind()
#13 0x779350D6 in C:\Windows\SYSTEM32\ntdll.dll: KiUserExceptionDispatcher()
#14 0x77947AED in C:\Windows\SYSTEM32\ntdll.dll: RtlGetNtGlobalFlags()
#15 0x77903C56 in C:\Windows\SYSTEM32\ntdll.dll: RtlFreeHeap()
#16 0x77287379 in C:\Windows\System32\msvcrt.dll: free()
#17 0x772952AB in C:\Windows\System32\msvcrt.dll: __unguarded_readlc_active_add_func()
#18 0x7729631C in C:\Windows\System32\msvcrt.dll: get_current_locale()
#19 0x77296461 in C:\Windows\System32\msvcrt.dll: setlocale()
#20 0x00409172 in C:\Code\Onegin\release.exe: (anonymous namespace)::TX::txSetLocale()
#21 0x00410B64 in C:\Code\Onegin\release.exe: (anonymous namespace)::TX::_txProcessError()
#22 0x0040AB8D in C:\Code\Onegin\release.exe: (anonymous namespace)::TX::_txError()
#23 0x0040B961 in C:\Code\Onegin\release.exe: (anonymous namespace)::TX::_txOnExceptionSEH()
#24 0x0040B31E in C:\Code\Onegin\release.exe: (anonymous namespace)::TX::_txVectoredExceptionHandler()
#25 0x7792CF98 in C:\Windows\SYSTEM32\ntdll.dll: LdrSetDllManifestProber()
#26 0x7792921B in C:\Windows\SYSTEM32\ntdll.dll: RtlUnwind()
#27 0x779350D6 in C:\Windows\SYSTEM32\ntdll.dll: KiUserExceptionDispatcher()
#28 0x7790753A in C:\Windows\SYSTEM32\ntdll.dll: RtlAllocateHeap()
#29 0x77906E7C in C:\Windows\SYSTEM32\ntdll.dll: RtlAllocateHeap()
#30 0x77905E1E in C:\Windows\SYSTEM32\ntdll.dll: RtlAllocateHeap()
#31 0x77287580 in C:\Windows\System32\msvcrt.dll: malloc()
#32 0x772879EE in C:\Windows\System32\msvcrt.dll: realloc()
#33 0x77296049 in C:\Windows\System32\msvcrt.dll: get_current_locale()
#34 0x77295F05 in C:\Windows\System32\msvcrt.dll: get_current_locale()
#35 0x772963C5 in C:\Windows\System32\msvcrt.dll: setlocale()
#36 0x0040915E in C:\Code\Onegin\release.exe: (anonymous namespace)::TX::txSetLocale()
#37 0x00404B41 in C:\Code\Onegin\release.exe: (anonymous namespace)::TX::_txPauseBeforeTermination()
#38 0x0040446C in C:\Code\Onegin\release.exe: (anonymous namespace)::TX::_txCleanup()
#39 0x00403EDD in C:\Code\Onegin\release.exe: (anonymous namespace)::TX::_txOnCExit()
#41 0x77927C6E in C:\Windows\SYSTEM32\ntdll.dll: RtlGetAppContainerNamedObjectPath()
#42 0x77927C3E in C:\Windows\SYSTEM32\ntdll.dll: RtlGetAppContainerNamedObjectPath()

--------------------------------------------------
Developed with:

The Dumb Artist Library (TX Library)
TXLib [Ver: 00173a, Rev: 172, Date: 2023-08-12 11:12:24 +0400]
Copyright (C) Ded (Ilya Dedinsky, http://txlib.ru) <mail@txlib.ru>
See license on: http://txlib.ru

TXLib file:	C:\Code\TX\TXLib.h
Compiled:	Nov 26 2023 09:52:25, GNU g++ 9.2.0, std=201402L, MinGW Runtime 5.4, 32-bit, Debug
Started:	Nov 26 2023 09:52:30

Run file:	C:\Code\Onegin\release.exe
Directory:	C:\Code\Onegin

--------------------------------------------------

--------------------------------------------------
TXLib соболезнует...

Программа: C:\Code\Onegin\release.exe,

ВНЕЗАПНО: signal (11, 0x00): SIGSEGV: Доступ по неверному указателю. Ставьте ассерты! 

Нарушение доступа к памяти.

#3: Исключение EXCEPTION_ACCESS_VIOLATION (0xC0000005) при выполнении кода по адресу 0x77908265 в функции RtlAllocateHeap(). Попытка прочесть данные по адресу NULL. Спасибо _txVectoredExceptionHandler(), что сообщил. Люблю его <3

С помощью функции signal() вы можете сами обработать эту ошибку.

#4: TXLib [Ver: 00173a, Rev: 172, Date: 2023-08-12 11:12:24 +0400], Instance: 0x0044371C (32-bit), Flags: Cmdre0, Thread: 0x49C (Main), GetLastError(): 187 (Не найдено указанное имя системного семафора). 

--------------------------------------------------
Стек вызовов:

# 0 0x77908265 in C:\Windows\SYSTEM32\ntdll.dll: RtlAllocateHeap()
# 1 0x77906E7C in C:\Windows\SYSTEM32\ntdll.dll: RtlAllocateHeap()
# 2 0x77905E1E in C:\Windows\SYSTEM32\ntdll.dll: RtlAllocateHeap()
# 3 0x77287580 in C:\Windows\System32\msvcrt.dll: malloc()
# 4 0x772879EE in C:\Windows\System32\msvcrt.dll: realloc()
# 5 0x7729B0D2 in C:\Windows\System32\msvcrt.dll: wsetlocale()
# 6 0x004091A3 in C:\Code\Onegin\release.exe: (anonymous namespace)::TX::txSetLocale()
# 7 0x00410B64 in C:\Code\Onegin\release.exe: (anonymous namespace)::TX::_txProcessError()
# 8 0x0040AB8D in C:\Code\Onegin\release.exe: (anonymous namespace)::TX::_txError()
# 9 0x0040B961 in C:\Code\Onegin\release.exe: (anonymous namespace)::TX::_txOnExceptionSEH()
#10 0x0040B31E in C:\Code\Onegin\release.exe: (anonymous namespace)::TX::_txVectoredExceptionHandler()
#11 0x7792CF98 in C:\Windows\SYSTEM32\ntdll.dll: LdrSetDllManifestProber()
#12 0x7792921B in C:\Windows\SYSTEM32\ntdll.dll: RtlUnwind()
#13 0x779350D6 in C:\Windows\SYSTEM32\ntdll.dll: KiUserExceptionDispatcher()
#14 0x77947AED in C:\Windows\SYSTEM32\ntdll.dll: RtlGetNtGlobalFlags()
#15 0x77903C56 in C:\Windows\SYSTEM32\ntdll.dll: RtlFreeHeap()
#16 0x77287379 in C:\Windows\System32\msvcrt.dll: free()
#17 0x772952AB in C:\Windows\System32\msvcrt.dll: __unguarded_readlc_active_add_func()
#18 0x7729631C in C:\Windows\System32\msvcrt.dll: get_current_locale()
#19 0x77296461 in C:\Windows\System32\msvcrt.dll: setlocale()
#20 0x00409172 in C:\Code\Onegin\release.exe: (anonymous namespace)::TX::txSetLocale()
#21 0x00410B64 in C:\Code\Onegin\release.exe: (anonymous namespace)::TX::_txProcessError()
#22 0x0040AB8D in C:\Code\Onegin\release.exe: (anonymous namespace)::TX::_txError()
#23 0x0040B961 in C:\Code\Onegin\release.exe: (anonymous namespace)::TX::_txOnExceptionSEH()
#24 0x0040B31E in C:\Code\Onegin\release.exe: (anonymous namespace)::TX::_txVectoredExceptionHandler()
#25 0x7792CF98 in C:\Windows\SYSTEM32\ntdll.dll: LdrSetDllManifestProber()
#26 0x7792921B in C:\Windows\SYSTEM32\ntdll.dll: RtlUnwind()
#27 0x779350D6 in C:\Windows\SYSTEM32\ntdll.dll: KiUserExceptionDispatcher()
#28 0x7790753A in C:\Windows\SYSTEM32\ntdll.dll: RtlAllocateHeap()
#29 0x77906E7C in C:\Windows\SYSTEM32\ntdll.dll: RtlAllocateHeap()
#30 0x77905E1E in C:\Windows\SYSTEM32\ntdll.dll: RtlAllocateHeap()
#31 0x77287580 in C:\Windows\System32\msvcrt.dll: malloc()
#32 0x772879EE in C:\Windows\System32\msvcrt.dll: realloc()
#33 0x77296049 in C:\Windows\System32\msvcrt.dll: get_current_locale()
#34 0x77295F05 in C:\Windows\System32\msvcrt.dll: get_current_locale()
#35 0x772963C5 in C:\Windows\System32\msvcrt.dll: setlocale()
#36 0x0040915E in C:\Code\Onegin\release.exe: (anonymous namespace)::TX::txSetLocale()
#37 0x00404B41 in C:\Code\Onegin\release.exe: (anonymous namespace)::TX::_txPauseBeforeTermination()
#38 0x0040446C in C:\Code\Onegin\release.exe: (anonymous namespace)::TX::_txCleanup()
#39 0x00403EDD in C:\Code\Onegin\release.exe: (anonymous namespace)::TX::_txOnCExit()
#41 0x77927C6E in C:\Windows\SYSTEM32\ntdll.dll: RtlGetAppContainerNamedObjectPath()
#42 0x77927C3E in C:\Windows\SYSTEM32\ntdll.dll: RtlGetAppContainerNamedObjectPath()

--------------------------------------------------
Developed with:

The Dumb Artist Library (TX Library)
TXLib [Ver: 00173a, Rev: 172, Date: 2023-08-12 11:12:24 +0400]
Copyright (C) Ded (Ilya Dedinsky, http://txlib.ru) <mail@txlib.ru>
See license on: http://txlib.ru

TXLib file:	C:\Code\TX\TXLib.h
Compiled:	Nov 26 2023 09:52:25, GNU g++ 9.2.0, std=201402L, MinGW Runtime 5.4, 32-bit, Debug
Started:	Nov 26 2023 09:52:30

Run file:	C:\Code\Onegin\release.exe
Directory:	C:\Code\Onegin

--------------------------------------------------

--------------------------------------------------
TXLib соболезнует...

Программа: C:\Code\Onegin\release.exe, файл: source\main.cpp, строка: 24, функция: int main(),

Сообщение: ВНЕЗАПНО: Логическая ошибка: Неверно, что "0".

#1: TXLib [Ver: 00173a, Rev: 172, Date: 2023-08-12 11:12:24 +0400], Instance: 0x0044371C (32-bit), Flags: Cmdre0, Thread: 0xB84 (Main). 

--------------------------------------------------
Стек вызовов:

# 0 0x0041C4C2 in C:\Code\Onegin\release.exe: main()

--------------------------------------------------
Developed with:

The Dumb Artist Library (TX Library)
TXLib [Ver: 00173a, Rev: 172, Date: 2023-08-12 11:12:24 +0400]
Copyright (C) Ded (Ilya Dedinsky, http://txlib.ru) <mail@txlib.ru>
See license on: http://txlib.ru

TXLib file:	C:\Code\TX\TXLib.h
Compiled:	Nov 26 2023 09:55:30, GNU g++ 9.2.0, std=201402L, MinGW Runtime 5.4, 32-bit, Debug
Started:	Nov 26 2023 09:55:34

Run file:	C:\Code\Onegin\release.exe
Directory:	C:\Code\Onegin

--------------------------------------------------

--------------------------------------------------
TXLib соболезнует...

Программа: C:\Code\Onegin\release.exe, файл: source\main.cpp, строка: 36, функция: int main(),

Сообщение: ВНЕЗАПНО: Логическая ошибка: Неверно, что "0".

#1: TXLib [Ver: 00173a, Rev: 172, Date: 2023-08-12 11:12:24 +0400], Instance: 0x0044371C (32-bit), Flags: Cmdre0, Thread: 0x2A78 (Main). 

--------------------------------------------------
Стек вызовов:

# 0 0x0041C4F8 in C:\Code\Onegin\release.exe: main()

--------------------------------------------------
Developed with:

The Dumb Artist Library (TX Library)
TXLib [Ver: 00173a, Rev: 172, Date: 2023-08-12 11:12:24 +0400]
Copyright (C) Ded (Ilya Dedinsky, http://txlib.ru) <mail@txlib.ru>
See license on: http://txlib.ru

TXLib file:	C:\Code\TX\TXLib.h
Compiled:	Nov 26 2023 09:56:06, GNU g++ 9.2.0, std=201402L, MinGW Runtime 5.4, 32-bit, Debug
Started:	Nov 26 2023 09:56:10

Run file:	C:\Code\Onegin\release.exe
Directory:	C:\Code\Onegin

--------------------------------------------------

--------------------------------------------------
TXLib предупреждает:

Программа: C:\Code\Onegin\release.exe,

ВНЕЗАПНО: Нарушение доступа к памяти.

#1: Исключение EXCEPTION_ACCESS_VIOLATION (0xC0000005) при выполнении кода по адресу 0x778EF24D в функции RtlRandom(). Попытка прочесть данные по адресу 0x00219E77. Спасибо _txVectoredExceptionHandler(), что сообщил. Люблю его <3

#2: TXLib [Ver: 00173a, Rev: 172, Date: 2023-08-12 11:12:24 +0400], Instance: 0x0044371C (32-bit), Flags: Cmdre0, Thread: 0x3D60 (Main). 

--------------------------------------------------
Стек вызовов:

# 0 0x778EF24D in C:\Windows\SYSTEM32\ntdll.dll: RtlRandom()
# 1 0x7790753A in C:\Windows\SYSTEM32\ntdll.dll: RtlAllocateHeap()
# 2 0x77906E7C in C:\Windows\SYSTEM32\ntdll.dll: RtlAllocateHeap()
# 3 0x77905E1E in C:\Windows\SYSTEM32\ntdll.dll: RtlAllocateHeap()
# 4 0x77287BEC in C:\Windows\System32\msvcrt.dll: realloc()
# 5 0x772872DA in C:\Windows\System32\msvcrt.dll: calloc()
# 6 0x6626DA84 in C:\Code\TX\Windows\MgwHelp32.dll: SymGetLineFromAddrW64()

--------------------------------------------------
Developed with:

The Dumb Artist Library (TX Library)
TXLib [Ver: 00173a, Rev: 172, Date: 2023-08-12 11:12:24 +0400]
Copyright (C) Ded (Ilya Dedinsky, http://txlib.ru) <mail@txlib.ru>
See license on: http://txlib.ru

TXLib file:	C:\Code\TX\TXLib.h
Compiled:	Nov 26 2023 09:56:36, GNU g++ 9.2.0, std=201402L, MinGW Runtime 5.4, 32-bit, Debug
Started:	Nov 26 2023 09:56:40

Run file:	C:\Code\Onegin\release.exe
Directory:	C:\Code\Onegin

--------------------------------------------------

--------------------------------------------------
TXLib соболезнует...

Программа: C:\Code\Onegin\release.exe,

ВНЕЗАПНО: signal (11, 0x00): SIGSEGV: Доступ по неверному указателю. Ставьте ассерты! 

Нарушение доступа к памяти.

#1: Исключение EXCEPTION_ACCESS_VIOLATION (0xC0000005) при выполнении кода по адресу 0x778EF24D в функции RtlRandom(). Попытка прочесть данные по адресу 0x00219E77. Спасибо _txVectoredExceptionHandler(), что сообщил. Люблю его <3

С помощью функции signal() вы можете сами обработать эту ошибку.

#3: TXLib [Ver: 00173a, Rev: 172, Date: 2023-08-12 11:12:24 +0400], Instance: 0x0044371C (32-bit), Flags: Cmdre0, Thread: 0x3D60 (Main). 

--------------------------------------------------
Стек вызовов:

# 0 0x778EF24D in C:\Windows\SYSTEM32\ntdll.dll: RtlRandom()
# 1 0x7790753A in C:\Windows\SYSTEM32\ntdll.dll: RtlAllocateHeap()
# 2 0x77906E7C in C:\Windows\SYSTEM32\ntdll.dll: RtlAllocateHeap()
# 3 0x77905E1E in C:\Windows\SYSTEM32\ntdll.dll: RtlAllocateHeap()
# 4 0x77287BEC in C:\Windows\System32\msvcrt.dll: realloc()
# 5 0x772872DA in C:\Windows\System32\msvcrt.dll: calloc()
# 6 0x6626DA84 in C:\Code\TX\Windows\MgwHelp32.dll: SymGetLineFromAddrW64()

--------------------------------------------------
Developed with:

The Dumb Artist Library (TX Library)
TXLib [Ver: 00173a, Rev: 172, Date: 2023-08-12 11:12:24 +0400]
Copyright (C) Ded (Ilya Dedinsky, http://txlib.ru) <mail@txlib.ru>
See license on: http://txlib.ru

TXLib file:	C:\Code\TX\TXLib.h
Compiled:	Nov 26 2023 09:56:36, GNU g++ 9.2.0, std=201402L, MinGW Runtime 5.4, 32-bit, Debug
Started:	Nov 26 2023 09:56:40

Run file:	C:\Code\Onegin\release.exe
Directory:	C:\Code\Onegin

--------------------------------------------------

--------------------------------------------------
TXLib предупреждает:

Программа: C:\Code\Onegin\release.exe,

ВНЕЗАПНО: Нарушение доступа к памяти.

#3: Исключение EXCEPTION_ACCESS_VIOLATION (0xC0000005) при выполнении кода по адресу 0x779073C7 в функции RtlAllocateHeap(). Попытка прочесть данные по адресу NULL. Спасибо _txVectoredExceptionHandler(), что сообщил. Люблю его <3

#2: TXLib [Ver: 00173a, Rev: 172, Date: 2023-08-12 11:12:24 +0400], Instance: 0x0044371C (32-bit), Flags: Cmdre0, Thread: 0x1294 (Main). 

--------------------------------------------------
Стек вызовов:

# 0 0x779073C7 in C:\Windows\SYSTEM32\ntdll.dll: RtlAllocateHeap()
# 1 0x77906E7C in C:\Windows\SYSTEM32\ntdll.dll: RtlAllocateHeap()
# 2 0x77905E1E in C:\Windows\SYSTEM32\ntdll.dll: RtlAllocateHeap()
# 3 0x77287BEC in C:\Windows\System32\msvcrt.dll: realloc()
# 4 0x772872DA in C:\Windows\System32\msvcrt.dll: calloc()
# 5 0x6626DA84 in C:\Code\TX\Windows\MgwHelp32.dll: SymGetLineFromAddrW64()

--------------------------------------------------
Developed with:

The Dumb Artist Library (TX Library)
TXLib [Ver: 00173a, Rev: 172, Date: 2023-08-12 11:12:24 +0400]
Copyright (C) Ded (Ilya Dedinsky, http://txlib.ru) <mail@txlib.ru>
See license on: http://txlib.ru

TXLib file:	C:\Code\TX\TXLib.h
Compiled:	Nov 26 2023 09:58:20, GNU g++ 9.2.0, std=201402L, MinGW Runtime 5.4, 32-bit, Debug
Started:	Nov 26 2023 09:58:25

Run file:	C:\Code\Onegin\release.exe
Directory:	C:\Code\Onegin

--------------------------------------------------

--------------------------------------------------
TXLib соболезнует...

Программа: C:\Code\Onegin\release.exe,

ВНЕЗАПНО: signal (11, 0x00): SIGSEGV: Доступ по неверному указателю. Ставьте ассерты! 

Нарушение доступа к памяти.

#3: Исключение EXCEPTION_ACCESS_VIOLATION (0xC0000005) при выполнении кода по адресу 0x779073C7 в функции RtlAllocateHeap(). Попытка прочесть данные по адресу NULL. Спасибо _txVectoredExceptionHandler(), что сообщил. Люблю его <3

С помощью функции signal() вы можете сами обработать эту ошибку.

#3: TXLib [Ver: 00173a, Rev: 172, Date: 2023-08-12 11:12:24 +0400], Instance: 0x0044371C (32-bit), Flags: Cmdre0, Thread: 0x1294 (Main). 

--------------------------------------------------
Стек вызовов:

# 0 0x779073C7 in C:\Windows\SYSTEM32\ntdll.dll: RtlAllocateHeap()
# 1 0x77906E7C in C:\Windows\SYSTEM32\ntdll.dll: RtlAllocateHeap()
# 2 0x77905E1E in C:\Windows\SYSTEM32\ntdll.dll: RtlAllocateHeap()
# 3 0x77287BEC in C:\Windows\System32\msvcrt.dll: realloc()
# 4 0x772872DA in C:\Windows\System32\msvcrt.dll: calloc()
# 5 0x6626DA84 in C:\Code\TX\Windows\MgwHelp32.dll: SymGetLineFromAddrW64()

--------------------------------------------------
Developed with:

The Dumb Artist Library (TX Library)
TXLib [Ver: 00173a, Rev: 172, Date: 2023-08-12 11:12:24 +0400]
Copyright (C) Ded (Ilya Dedinsky, http://txlib.ru) <mail@txlib.ru>
See license on: http://txlib.ru

TXLib file:	C:\Code\TX\TXLib.h
Compiled:	Nov 26 2023 09:58:20, GNU g++ 9.2.0, std=201402L, MinGW Runtime 5.4, 32-bit, Debug
Started:	Nov 26 2023 09:58:25

Run file:	C:\Code\Onegin\release.exe
Directory:	C:\Code\Onegin

--------------------------------------------------

--------------------------------------------------
TXLib предупреждает:

Программа: C:\Code\Onegin\release.exe,

ВНЕЗАПНО: Нарушение доступа к памяти.

#3: Исключение EXCEPTION_ACCESS_VIOLATION (0xC0000005) при выполнении кода по адресу 0x779073C7 в функции RtlAllocateHeap(). Попытка прочесть данные по адресу NULL. Спасибо _txVectoredExceptionHandler(), что сообщил. Люблю его <3

#2: TXLib [Ver: 00173a, Rev: 172, Date: 2023-08-12 11:12:24 +0400], Instance: 0x0044371C (32-bit), Flags: Cmdre0, Thread: 0x14C0 (Main). 

--------------------------------------------------
Стек вызовов:

# 0 0x779073C7 in C:\Windows\SYSTEM32\ntdll.dll: RtlAllocateHeap()
# 1 0x77906E7C in C:\Windows\SYSTEM32\ntdll.dll: RtlAllocateHeap()
# 2 0x77905E1E in C:\Windows\SYSTEM32\ntdll.dll: RtlAllocateHeap()
# 3 0x77287BEC in C:\Windows\System32\msvcrt.dll: realloc()
# 4 0x772872DA in C:\Windows\System32\msvcrt.dll: calloc()
# 5 0x6626DA84 in C:\Code\TX\Windows\MgwHelp32.dll: SymGetLineFromAddrW64()

--------------------------------------------------
Developed with:

The Dumb Artist Library (TX Library)
TXLib [Ver: 00173a, Rev: 172, Date: 2023-08-12 11:12:24 +0400]
Copyright (C) Ded (Ilya Dedinsky, http://txlib.ru) <mail@txlib.ru>
See license on: http://txlib.ru

TXLib file:	C:\Code\TX\TXLib.h
Compiled:	Nov 26 2023 09:59:46, GNU g++ 9.2.0, std=201402L, MinGW Runtime 5.4, 32-bit, Debug
Started:	Nov 26 2023 10:00:08

Run file:	C:\Code\Onegin\release.exe
Directory:	C:\Code\Onegin

--------------------------------------------------

--------------------------------------------------
TXLib соболезнует...

Программа: C:\Code\Onegin\release.exe,

ВНЕЗАПНО: signal (11, 0x00): SIGSEGV: Доступ по неверному указателю. Ставьте ассерты! 

Нарушение доступа к памяти.

#3: Исключение EXCEPTION_ACCESS_VIOLATION (0xC0000005) при выполнении кода по адресу 0x779073C7 в функции RtlAllocateHeap(). Попытка прочесть данные по адресу NULL. Спасибо _txVectoredExceptionHandler(), что сообщил. Люблю его <3

С помощью функции signal() вы можете сами обработать эту ошибку.

#3: TXLib [Ver: 00173a, Rev: 172, Date: 2023-08-12 11:12:24 +0400], Instance: 0x0044371C (32-bit), Flags: Cmdre0, Thread: 0x14C0 (Main). 

--------------------------------------------------
Стек вызовов:

# 0 0x779073C7 in C:\Windows\SYSTEM32\ntdll.dll: RtlAllocateHeap()
# 1 0x77906E7C in C:\Windows\SYSTEM32\ntdll.dll: RtlAllocateHeap()
# 2 0x77905E1E in C:\Windows\SYSTEM32\ntdll.dll: RtlAllocateHeap()
# 3 0x77287BEC in C:\Windows\System32\msvcrt.dll: realloc()
# 4 0x772872DA in C:\Windows\System32\msvcrt.dll: calloc()
# 5 0x6626DA84 in C:\Code\TX\Windows\MgwHelp32.dll: SymGetLineFromAddrW64()

--------------------------------------------------
Developed with:

The Dumb Artist Library (TX Library)
TXLib [Ver: 00173a, Rev: 172, Date: 2023-08-12 11:12:24 +0400]
Copyright (C) Ded (Ilya Dedinsky, http://txlib.ru) <mail@txlib.ru>
See license on: http://txlib.ru

TXLib file:	C:\Code\TX\TXLib.h
Compiled:	Nov 26 2023 09:59:46, GNU g++ 9.2.0, std=201402L, MinGW Runtime 5.4, 32-bit, Debug
Started:	Nov 26 2023 10:00:08

Run file:	C:\Code\Onegin\release.exe
Directory:	C:\Code\Onegin

--------------------------------------------------

--------------------------------------------------
TXLib соболезнует...

Программа: C:\Code\Onegin\release.exe, файл: source\main.cpp, строка: 44, функция: int main(),

Сообщение: ВНЕЗАПНО: Логическая ошибка: Неверно, что "0".

#1: TXLib [Ver: 00173a, Rev: 172, Date: 2023-08-12 11:12:24 +0400], Instance: 0x0044371C (32-bit), Flags: Cmdre0, Thread: 0x2EC0 (Main). 

--------------------------------------------------
Стек вызовов:

# 0 0x0041C578 in C:\Code\Onegin\release.exe: main()

--------------------------------------------------
Developed with:

The Dumb Artist Library (TX Library)
TXLib [Ver: 00173a, Rev: 172, Date: 2023-08-12 11:12:24 +0400]
Copyright (C) Ded (Ilya Dedinsky, http://txlib.ru) <mail@txlib.ru>
See license on: http://txlib.ru

TXLib file:	C:\Code\TX\TXLib.h
Compiled:	Nov 26 2023 10:00:14, GNU g++ 9.2.0, std=201402L, MinGW Runtime 5.4, 32-bit, Debug
Started:	Nov 26 2023 10:00:18

Run file:	C:\Code\Onegin\release.exe
Directory:	C:\Code\Onegin

--------------------------------------------------

--------------------------------------------------
TXLib соболезнует...

Программа: C:\Code\Onegin\release.exe, файл: source\main.cpp, строка: 44, функция: int main(),

Сообщение: ВНЕЗАПНО: Логическая ошибка: Неверно, что "0".

#1: TXLib [Ver: 00173a, Rev: 172, Date: 2023-08-12 11:12:24 +0400], Instance: 0x0044371C (32-bit), Flags: Cmdre0, Thread: 0x490 (Main). 

--------------------------------------------------
Стек вызовов:

# 0 0x0041C578 in C:\Code\Onegin\release.exe: main()

--------------------------------------------------
Developed with:

The Dumb Artist Library (TX Library)
TXLib [Ver: 00173a, Rev: 172, Date: 2023-08-12 11:12:24 +0400]
Copyright (C) Ded (Ilya Dedinsky, http://txlib.ru) <mail@txlib.ru>
See license on: http://txlib.ru

TXLib file:	C:\Code\TX\TXLib.h
Compiled:	Nov 26 2023 10:02:09, GNU g++ 9.2.0, std=201402L, MinGW Runtime 5.4, 32-bit, Debug
Started:	Nov 26 2023 10:02:14

Run file:	C:\Code\Onegin\release.exe
Directory:	C:\Code\Onegin

--------------------------------------------------

--------------------------------------------------
TXLib соболезнует...

Программа: C:\Code\Onegin\release.exe, файл: source\main.cpp, строка: 44, функция: int main(),

Сообщение: ВНЕЗАПНО: Логическая ошибка: Неверно, что "0".

#1: TXLib [Ver: 00173a, Rev: 172, Date: 2023-08-12 11:12:24 +0400], Instance: 0x0044371C (32-bit), Flags: Cmdre0, Thread: 0x2F10 (Main). 

--------------------------------------------------
Стек вызовов:

# 0 0x0041C578 in C:\Code\Onegin\release.exe: main()

--------------------------------------------------
Developed with:

The Dumb Artist Library (TX Library)
TXLib [Ver: 00173a, Rev: 172, Date: 2023-08-12 11:12:24 +0400]
Copyright (C) Ded (Ilya Dedinsky, http://txlib.ru) <mail@txlib.ru>
See license on: http://txlib.ru

TXLib file:	C:\Code\TX\TXLib.h
Compiled:	Nov 26 2023 10:02:43, GNU g++ 9.2.0, std=201402L, MinGW Runtime 5.4, 32-bit, Debug
Started:	Nov 26 2023 10:02:47

Run file:	C:\Code\Onegin\release.exe
Directory:	C:\Code\Onegin

--------------------------------------------------

--------------------------------------------------
TXLib соболезнует...

Программа: C:\Code\Onegin\release.exe, файл: source\main.cpp, строка: 44, функция: int main(),

Сообщение: ВНЕЗАПНО: Логическая ошибка: Неверно, что "0".

#1: TXLib [Ver: 00173a, Rev: 172, Date: 2023-08-12 11:12:24 +0400], Instance: 0x0044371C (32-bit), Flags: Cmdre0, Thread: 0x18D0 (Main). 

--------------------------------------------------
Стек вызовов:

# 0 0x0041C578 in C:\Code\Onegin\release.exe: main()

--------------------------------------------------
Developed with:

The Dumb Artist Library (TX Library)
TXLib [Ver: 00173a, Rev: 172, Date: 2023-08-12 11:12:24 +0400]
Copyright (C) Ded (Ilya Dedinsky, http://txlib.ru) <mail@txlib.ru>
See license on: http://txlib.ru

TXLib file:	C:\Code\TX\TXLib.h
Compiled:	Nov 26 2023 10:03:16, GNU g++ 9.2.0, std=201402L, MinGW Runtime 5.4, 32-bit, Debug
Started:	Nov 26 2023 10:03:21

Run file:	C:\Code\Onegin\release.exe
Directory:	C:\Code\Onegin

--------------------------------------------------

--------------------------------------------------
TXLib соболезнует...

Программа: C:\Code\Onegin\release.exe, файл: source\main.cpp, строка: 48, функция: int main(),

Сообщение: ВНЕЗАПНО: Логическая ошибка: Неверно, что "0".

#1: TXLib [Ver: 00173a, Rev: 172, Date: 2023-08-12 11:12:24 +0400], Instance: 0x0044371C (32-bit), Flags: Cmdre0, Thread: 0x340C (Main). 

--------------------------------------------------
Стек вызовов:

# 0 0x0041C5A4 in C:\Code\Onegin\release.exe: main()

--------------------------------------------------
Developed with:

The Dumb Artist Library (TX Library)
TXLib [Ver: 00173a, Rev: 172, Date: 2023-08-12 11:12:24 +0400]
Copyright (C) Ded (Ilya Dedinsky, http://txlib.ru) <mail@txlib.ru>
See license on: http://txlib.ru

TXLib file:	C:\Code\TX\TXLib.h
Compiled:	Nov 26 2023 10:03:46, GNU g++ 9.2.0, std=201402L, MinGW Runtime 5.4, 32-bit, Debug
Started:	Nov 26 2023 10:03:51

Run file:	C:\Code\Onegin\release.exe
Directory:	C:\Code\Onegin

--------------------------------------------------
